<?xml version="1.0" encoding="UTF-8"?>
<testng-results ignored="0" total="1" passed="1" failed="0" skipped="0">
  <reporter-output>
  </reporter-output>
  <suite started-at="2023-01-18T09:09:25 IST" name="Default suite" finished-at="2023-01-18T09:09:35 IST" duration-ms="10619">
    <groups>
      <group name="cucumber">
        <method signature="AbstractTestNGCucumberTests.runScenario(io.cucumber.testng.PickleWrapper,io.cucumber.testng.FeatureWrapper)[pri:0, instance:testcases.sortmobiletestcase@45d84a20]" name="runScenario" class="io.cucumber.testng.AbstractTestNGCucumberTests"/>
      </group> <!-- cucumber -->
    </groups>
    <test started-at="2023-01-18T09:09:25 IST" name="Default test" finished-at="2023-01-18T09:09:35 IST" duration-ms="10619">
      <class name="testcases.sortmobiletestcase">
        <test-method is-config="true" signature="startReport()[pri:0, instance:testcases.sortmobiletestcase@45d84a20]" started-at="2023-01-18T09:09:24 IST" name="startReport" finished-at="2023-01-18T09:09:25 IST" duration-ms="855" status="PASS">
          <reporter-output>
          </reporter-output>
        </test-method> <!-- startReport -->
        <test-method is-config="true" signature="setValues()[pri:0, instance:testcases.sortmobiletestcase@45d84a20]" started-at="2023-01-18T09:09:25 IST" name="setValues" finished-at="2023-01-18T09:09:25 IST" duration-ms="2" status="PASS">
          <reporter-output>
          </reporter-output>
        </test-method> <!-- setValues -->
        <test-method is-config="true" signature="setUpClass(org.testng.ITestContext)[pri:0, instance:testcases.sortmobiletestcase@45d84a20]" started-at="2023-01-18T09:09:25 IST" name="setUpClass" finished-at="2023-01-18T09:09:25 IST" duration-ms="500" status="PASS">
          <params>
            <param index="0">
              <value>
                <![CDATA[org.testng.TestRunner@61149fa5]]>
              </value>
            </param>
          </params>
          <reporter-output>
          </reporter-output>
        </test-method> <!-- setUpClass -->
        <test-method is-config="true" signature="report()[pri:0, instance:testcases.sortmobiletestcase@45d84a20]" started-at="2023-01-18T09:09:25 IST" name="report" finished-at="2023-01-18T09:09:25 IST" duration-ms="23" status="PASS">
          <reporter-output>
          </reporter-output>
        </test-method> <!-- report -->
        <test-method is-config="true" signature="beforeMethod()[pri:0, instance:testcases.sortmobiletestcase@45d84a20]" started-at="2023-01-18T09:09:25 IST" name="beforeMethod" finished-at="2023-01-18T09:09:29 IST" duration-ms="3842" status="PASS">
          <reporter-output>
          </reporter-output>
        </test-method> <!-- beforeMethod -->
        <test-method signature="tp01_Verifysort()[pri:0, instance:testcases.sortmobiletestcase@45d84a20]" started-at="2023-01-18T09:09:29 IST" name="tp01_Verifysort" finished-at="2023-01-18T09:09:35 IST" duration-ms="5812" status="PASS">
          <reporter-output>
          </reporter-output>
        </test-method> <!-- tp01_Verifysort -->
        <test-method is-config="true" signature="afterMethod()[pri:0, instance:testcases.sortmobiletestcase@45d84a20]" started-at="2023-01-18T09:09:35 IST" name="afterMethod" finished-at="2023-01-18T09:09:35 IST" duration-ms="371" status="PASS">
          <reporter-output>
          </reporter-output>
        </test-method> <!-- afterMethod -->
        <test-method is-config="true" signature="tearDownClass()[pri:0, instance:testcases.sortmobiletestcase@45d84a20]" started-at="2023-01-18T09:09:35 IST" name="tearDownClass" finished-at="2023-01-18T09:09:35 IST" duration-ms="4" status="PASS">
          <reporter-output>
          </reporter-output>
        </test-method> <!-- tearDownClass -->
        <test-method is-config="true" signature="stopReport()[pri:0, instance:testcases.sortmobiletestcase@45d84a20]" started-at="2023-01-18T09:09:35 IST" name="stopReport" finished-at="2023-01-18T09:09:36 IST" duration-ms="1063" status="PASS">
          <reporter-output>
          </reporter-output>
        </test-method> <!-- stopReport -->
      </class> <!-- testcases.sortmobiletestcase -->
    </test> <!-- Default test -->
  </suite> <!-- Default suite -->
</testng-results>
